Terminals which are not used

   KW_ABSTYPE
   KW_EQTYPE
   KW_OR
   LBRACE
   RBRACE
   ASSIGN
   SEMICOLON
   LESS
   LESSEQ
   GREATER
   GREATEREQ
   EQEQ
   LESSGT
   SLASH
   POWER
   UNSIGNED_INTEGER
   UNSIGNED_REAL


State 32 conflicts: 1 shift/reduce
State 134 conflicts: 12 reduce/reduce
State 135 conflicts: 1 shift/reduce
State 166 conflicts: 12 reduce/reduce
State 199 conflicts: 1 shift/reduce
State 231 conflicts: 1 shift/reduce


Grammar

    0 $accept: start $end

    1 start: stored_definition

    2 stored_definition: rml_file

    3 rml_file: KW_MODULE rml_ident COLON rml_interface rml_definitions
    4         | KW_INTERFACE rml_ident COLON rml_interface

    5 @1: /* empty */

    6 rml_interface: rml_interface_item_star @1 KW_END

    7 rml_interface_item_star: rml_interface_item rml_interface_item_star
    8                        | /* empty */

    9 rml_interface_item: KW_WITH SCON
   10                   | KW_TYPE tyvarparseq rml_ident
   11                   | KW_TYPE typbind_plus
   12                   | KW_DATATYPE datbind_plus withbind
   13                   | KW_VAL rml_ident COLON ty
   14                   | KW_RELATION rml_ident COLON ty

   15 rml_definitions: rml_definition_item rml_definitions
   16                | /* empty */

   17 rml_definition_item: KW_WITH SCON
   18                    | KW_TYPE typbind_plus
   19                    | KW_DATATYPE datbind_plus withbind
   20                    | KW_VAL rml_ident EQUALS rml_expression
   21                    | KW_RELATION relbind

   22 opt_type: COLON ty
   23         | empty

   24 relbind: rml_ident opt_type EQUALS clause_plus default_opt KW_END

   25 withbind: /* empty */
   26         | KW_WITHTYPE typbind_plus

   27 typbind_plus: typbind KW_AND typbind_plus
   28             | typbind

   29 typbind: tyvarseq rml_ident EQUALS ty

   30 datbind_plus: datbind KW_AND datbind_plus
   31             | datbind

   32 datbind: tyvarseq rml_ident EQUALS conbind_plus

   33 conbind_plus: conbind BAR conbind_plus
   34             | conbind

   35 conbind: rml_ident
   36        | rml_ident KW_OF tuple_ty

   37 default_opt: /* empty */
   38            | KW_DEFAULT clause_plus

   39 clause_plus: clause clause_plus
   40            | clause

   41 clause: KW_RULE conjunctive_goal_opt DASHES rml_ident seq_pat result
   42       | KW_AXIOM rml_ident seq_pat result

   43 result: /* empty */
   44       | YIELDS seq_exp
   45       | YIELDS KW_FAIL

   46 conjunctive_goal_opt: /* empty */
   47                     | conjunctive_goal

   48 conjunctive_goal: atomic_goal AMPERSAND conjunctive_goal
   49                 | atomic_goal

   50 atomic_goal: longorshortid seq_exp res_pat
   51            | rml_ident EQUALS rml_expression
   52            | KW_LET pat EQUALS rml_expression
   53            | KW_NOT atomic_goal
   54            | LPAR conjunctive_goal RPAR

   55 rml_expression: rml_exp_a COLONCOLON rml_expression
   56               | rml_exp_a

   57 rml_expression_list: rml_expression COMMA rml_expression_list
   58                    | rml_expression

   59 rml_exp_a: LPAR RPAR
   60          | LPAR rml_expression RPAR
   61          | LPAR rml_expression_list RPAR
   62          | rml_exp_c

   63 rml_exp_b: rml_exp_c COLONCOLON rml_exp_b
   64          | rml_exp_c

   65 rml_exp_c: longorshortid rml_exp_star
   66          | rml_addsub

   67 rml_addsub: rml_muldiv PLUS rml_addsub
   68           | rml_muldiv MINUS rml_addsub
   69           | rml_muldiv

   70 rml_muldiv: rml_unary STAR rml_muldiv
   71           | rml_unary DIV rml_muldiv
   72           | rml_unary

   73 rml_unary: MINUS rml_unary
   74          | rml_primary

   75 rml_primary: rml_literal
   76            | longorshortid
   77            | LBRACK rml_exp_comma_star RBRACK
   78            | LPAR rml_expression RPAR
   79            | LPAR RPAR

   80 rml_exp_comma_star: /* empty */
   81                   | rml_exp_comma_plus

   82 rml_exp_comma_plus: rml_expression COMMA rml_exp_comma_plus
   83                   | rml_expression

   84 rml_exp_star: LPAR rml_exp_comma_star RPAR

   85 seq_exp: /* empty */
   86        | rml_exp_b
   87        | rml_exp_star

   88 pat: rml_ident KW_AS pat
   89    | pat_a

   90 pat_a: pat_b COLONCOLON pat_a
   91      | pat_b

   92 pat_b: LPAR RPAR
   93      | LPAR pat RPAR
   94      | LPAR pat COMMA pat_comma_plus RPAR
   95      | pat_d

   96 pat_c: pat_d COLONCOLON pat_c
   97      | pat_d

   98 pat_d: longorshortid pat_star
   99      | longorshortid pat_e
  100      | pat_e

  101 pat_e: UNDERSCORE
  102      | rml_literal
  103      | longid
  104      | rml_ident
  105      | LBRACK pat_comma_star RBRACK

  106 res_pat: /* empty */
  107        | YIELDS seq_pat

  108 seq_pat: /* empty */
  109        | pat_c
  110        | pat_star

  111 pat_star: LPAR pat_comma_star RPAR

  112 pat_comma_star: /* empty */
  113               | pat_comma_plus

  114 pat_comma_plus: pat COMMA pat_comma_plus
  115               | pat

  116 rml_literal: CCON
  117            | ICON
  118            | RCON
  119            | SCON

  120 ty: seq_ty YIELDS seq_ty
  121   | tuple_ty

  122 tuple_ty: ty_sans_star STAR tuple_ty
  123         | ty_sans_star

  124 ty_sans_star: ty_sans_star longorshortid
  125             | LPAR ty RPAR
  126             | tyvar
  127             | longorshortid

  128 ty_comma_seq2: ty COMMA ty_comma_seq2
  129              | ty COMMA ty

  130 seq_ty: LPAR RPAR
  131       | LPAR ty_comma_seq2 RPAR
  132       | tuple_ty

  133 tyvarseq1: tyvar COMMA tyvarseq1
  134          | tyvar

  135 tyvarparseq: LPAR tyvarseq1 RPAR

  136 tyvarseq: /* empty */
  137         | tyvar
  138         | tyvarparseq

  139 longid: ident DOT ident

  140 longorshortid: longid
  141              | rml_ident

  142 ident: IDENT

  143 rml_ident: ident

  144 tyvar: TYVARIDENT

  145 empty: /* empty */


Terminals, with rules where they appear

$end (0) 0
error (256)
KW_AND (258) 27 30
KW_AS (259) 88
KW_ABSTYPE (260)
KW_AXIOM (261) 42
KW_DATATYPE (262) 12 19
KW_DEFAULT (263) 38
KW_END (264) 6 24
KW_EQTYPE (265)
KW_FAIL (266) 45
KW_INTERFACE (267) 4
KW_LET (268) 52
KW_MODULE (269) 3
KW_NOT (270) 53
KW_OF (271) 36
KW_OR (272)
KW_RELATION (273) 14 21
KW_RULE (274) 41
KW_TYPE (275) 10 11 18
KW_VAL (276) 13 20
KW_WITH (277) 9 17
KW_WITHTYPE (278) 26
LBRACK (279) 77 105
RBRACK (280) 77 105
LBRACE (281)
RBRACE (282)
LPAR (283) 54 59 60 61 78 79 84 92 93 94 111 125 130 131 135
RPAR (284) 54 59 60 61 78 79 84 92 93 94 111 125 130 131 135
ASSIGN (285)
DOT (286) 139
COLON (287) 3 4 13 14 22
COLONCOLON (288) 55 63 90 96
COMMA (289) 57 82 94 114 128 129 133
DASHES (290) 41
BAR (291) 33
AMPERSAND (292) 48
SEMICOLON (293)
YIELDS (294) 44 45 107 120
STAR (295) 70 122
UNDERSCORE (296) 101
EQUALS (297) 20 24 29 32 51 52
PLUS (298) 67
MINUS (299) 68 73
DIV (300) 71
LESS (301)
LESSEQ (302)
GREATER (303)
GREATEREQ (304)
EQEQ (305)
LESSGT (306)
SLASH (307)
POWER (308)
UNSIGNED_INTEGER (309)
UNSIGNED_REAL (310)
IDENT (311) 142
TYVARIDENT (312) 144
CCON (313) 116
ICON (314) 117
RCON (315) 118
SCON (316) 9 17 119


Nonterminals, with rules where they appear

$accept (62)
    on left: 0
start (63)
    on left: 1, on right: 0
stored_definition (64)
    on left: 2, on right: 1
rml_file (65)
    on left: 3 4, on right: 2
rml_interface (66)
    on left: 6, on right: 3 4
@1 (67)
    on left: 5, on right: 6
rml_interface_item_star (68)
    on left: 7 8, on right: 6 7
rml_interface_item (69)
    on left: 9 10 11 12 13 14, on right: 7
rml_definitions (70)
    on left: 15 16, on right: 3 15
rml_definition_item (71)
    on left: 17 18 19 20 21, on right: 15
opt_type (72)
    on left: 22 23, on right: 24
relbind (73)
    on left: 24, on right: 21
withbind (74)
    on left: 25 26, on right: 12 19
typbind_plus (75)
    on left: 27 28, on right: 11 18 26 27
typbind (76)
    on left: 29, on right: 27 28
datbind_plus (77)
    on left: 30 31, on right: 12 19 30
datbind (78)
    on left: 32, on right: 30 31
conbind_plus (79)
    on left: 33 34, on right: 32 33
conbind (80)
    on left: 35 36, on right: 33 34
default_opt (81)
    on left: 37 38, on right: 24
clause_plus (82)
    on left: 39 40, on right: 24 38 39
clause (83)
    on left: 41 42, on right: 39 40
result (84)
    on left: 43 44 45, on right: 41 42
conjunctive_goal_opt (85)
    on left: 46 47, on right: 41
conjunctive_goal (86)
    on left: 48 49, on right: 47 48 54
atomic_goal (87)
    on left: 50 51 52 53 54, on right: 48 49 53
rml_expression (88)
    on left: 55 56, on right: 20 51 52 55 57 58 60 78 82 83
rml_expression_list (89)
    on left: 57 58, on right: 57 61
rml_exp_a (90)
    on left: 59 60 61 62, on right: 55 56
rml_exp_b (91)
    on left: 63 64, on right: 63 86
rml_exp_c (92)
    on left: 65 66, on right: 62 63 64
rml_addsub (93)
    on left: 67 68 69, on right: 66 67 68
rml_muldiv (94)
    on left: 70 71 72, on right: 67 68 69 70 71
rml_unary (95)
    on left: 73 74, on right: 70 71 72 73
rml_primary (96)
    on left: 75 76 77 78 79, on right: 74
rml_exp_comma_star (97)
    on left: 80 81, on right: 77 84
rml_exp_comma_plus (98)
    on left: 82 83, on right: 81 82
rml_exp_star (99)
    on left: 84, on right: 65 87
seq_exp (100)
    on left: 85 86 87, on right: 44 50
pat (101)
    on left: 88 89, on right: 52 88 93 94 114 115
pat_a (102)
    on left: 90 91, on right: 89 90
pat_b (103)
    on left: 92 93 94 95, on right: 90 91
pat_c (104)
    on left: 96 97, on right: 96 109
pat_d (105)
    on left: 98 99 100, on right: 95 96 97
pat_e (106)
    on left: 101 102 103 104 105, on right: 99 100
res_pat (107)
    on left: 106 107, on right: 50
seq_pat (108)
    on left: 108 109 110, on right: 41 42 107
pat_star (109)
    on left: 111, on right: 98 110
pat_comma_star (110)
    on left: 112 113, on right: 105 111
pat_comma_plus (111)
    on left: 114 115, on right: 94 113 114
rml_literal (112)
    on left: 116 117 118 119, on right: 75 102
ty (113)
    on left: 120 121, on right: 13 14 22 29 125 128 129
tuple_ty (114)
    on left: 122 123, on right: 36 121 122 132
ty_sans_star (115)
    on left: 124 125 126 127, on right: 122 123 124
ty_comma_seq2 (116)
    on left: 128 129, on right: 128 131
seq_ty (117)
    on left: 130 131 132, on right: 120
tyvarseq1 (118)
    on left: 133 134, on right: 133 135
tyvarparseq (119)
    on left: 135, on right: 10 138
tyvarseq (120)
    on left: 136 137 138, on right: 29 32
longid (121)
    on left: 139, on right: 103 140
longorshortid (122)
    on left: 140 141, on right: 50 65 76 98 99 124 127
ident (123)
    on left: 142, on right: 139 143
rml_ident (124)
    on left: 143, on right: 3 4 10 13 14 20 24 29 32 35 36 41 42 51
    88 104 141
tyvar (125)
    on left: 144, on right: 126 133 134 137
empty (126)
    on left: 145, on right: 23


state 0

    0 $accept: . start $end

    KW_INTERFACE  shift, and go to state 1
    KW_MODULE     shift, and go to state 2

    start              go to state 3
    stored_definition  go to state 4
    rml_file           go to state 5


state 1

    4 rml_file: KW_INTERFACE . rml_ident COLON rml_interface

    IDENT  shift, and go to state 6

    ident      go to state 7
    rml_ident  go to state 8


state 2

    3 rml_file: KW_MODULE . rml_ident COLON rml_interface rml_definitions

    IDENT  shift, and go to state 6

    ident      go to state 7
    rml_ident  go to state 9


state 3

    0 $accept: start . $end

    $end  shift, and go to state 10


state 4

    1 start: stored_definition .

    $default  reduce using rule 1 (start)


state 5

    2 stored_definition: rml_file .

    $default  reduce using rule 2 (stored_definition)


state 6

  142 ident: IDENT .

    $default  reduce using rule 142 (ident)


state 7

  143 rml_ident: ident .

    $default  reduce using rule 143 (rml_ident)


state 8

    4 rml_file: KW_INTERFACE rml_ident . COLON rml_interface

    COLON  shift, and go to state 11


state 9

    3 rml_file: KW_MODULE rml_ident . COLON rml_interface rml_definitions

    COLON  shift, and go to state 12


state 10

    0 $accept: start $end .

    $default  accept


state 11

    4 rml_file: KW_INTERFACE rml_ident COLON . rml_interface

    KW_DATATYPE  shift, and go to state 13
    KW_RELATION  shift, and go to state 14
    KW_TYPE      shift, and go to state 15
    KW_VAL       shift, and go to state 16
    KW_WITH      shift, and go to state 17

    $default  reduce using rule 8 (rml_interface_item_star)

    rml_interface            go to state 18
    rml_interface_item_star  go to state 19
    rml_interface_item       go to state 20


state 12

    3 rml_file: KW_MODULE rml_ident COLON . rml_interface rml_definitions

    KW_DATATYPE  shift, and go to state 13
    KW_RELATION  shift, and go to state 14
    KW_TYPE      shift, and go to state 15
    KW_VAL       shift, and go to state 16
    KW_WITH      shift, and go to state 17

    $default  reduce using rule 8 (rml_interface_item_star)

    rml_interface            go to state 21
    rml_interface_item_star  go to state 19
    rml_interface_item       go to state 20


state 13

   12 rml_interface_item: KW_DATATYPE . datbind_plus withbind

    LPAR        shift, and go to state 22
    TYVARIDENT  shift, and go to state 23

    $default  reduce using rule 136 (tyvarseq)

    datbind_plus  go to state 24
    datbind       go to state 25
    tyvarparseq   go to state 26
    tyvarseq      go to state 27
    tyvar         go to state 28


state 14

   14 rml_interface_item: KW_RELATION . rml_ident COLON ty

    IDENT  shift, and go to state 6

    ident      go to state 7
    rml_ident  go to state 29


state 15

   10 rml_interface_item: KW_TYPE . tyvarparseq rml_ident
   11                   | KW_TYPE . typbind_plus

    LPAR        shift, and go to state 22
    TYVARIDENT  shift, and go to state 23

    $default  reduce using rule 136 (tyvarseq)

    typbind_plus  go to state 30
    typbind       go to state 31
    tyvarparseq   go to state 32
    tyvarseq      go to state 33
    tyvar         go to state 28


state 16

   13 rml_interface_item: KW_VAL . rml_ident COLON ty

    IDENT  shift, and go to state 6

    ident      go to state 7
    rml_ident  go to state 34


state 17

    9 rml_interface_item: KW_WITH . SCON

    SCON  shift, and go to state 35


state 18

    4 rml_file: KW_INTERFACE rml_ident COLON rml_interface .

    $default  reduce using rule 4 (rml_file)


state 19

    6 rml_interface: rml_interface_item_star . @1 KW_END

    $default  reduce using rule 5 (@1)

    @1  go to state 36


state 20

    7 rml_interface_item_star: rml_interface_item . rml_interface_item_star

    KW_DATATYPE  shift, and go to state 13
    KW_RELATION  shift, and go to state 14
    KW_TYPE      shift, and go to state 15
    KW_VAL       shift, and go to state 16
    KW_WITH      shift, and go to state 17

    $default  reduce using rule 8 (rml_interface_item_star)

    rml_interface_item_star  go to state 37
    rml_interface_item       go to state 20


state 21

    3 rml_file: KW_MODULE rml_ident COLON rml_interface . rml_definitions

    KW_DATATYPE  shift, and go to state 38
    KW_RELATION  shift, and go to state 39
    KW_TYPE      shift, and go to state 40
    KW_VAL       shift, and go to state 41
    KW_WITH      shift, and go to state 42

    $default  reduce using rule 16 (rml_definitions)

    rml_definitions      go to state 43
    rml_definition_item  go to state 44


state 22

  135 tyvarparseq: LPAR . tyvarseq1 RPAR

    TYVARIDENT  shift, and go to state 23

    tyvarseq1  go to state 45
    tyvar      go to state 46


state 23

  144 tyvar: TYVARIDENT .

    $default  reduce using rule 144 (tyvar)


state 24

   12 rml_interface_item: KW_DATATYPE datbind_plus . withbind

    KW_WITHTYPE  shift, and go to state 47

    $default  reduce using rule 25 (withbind)

    withbind  go to state 48


state 25

   30 datbind_plus: datbind . KW_AND datbind_plus
   31             | datbind .

    KW_AND  shift, and go to state 49

    $default  reduce using rule 31 (datbind_plus)


state 26

  138 tyvarseq: tyvarparseq .

    $default  reduce using rule 138 (tyvarseq)


state 27

   32 datbind: tyvarseq . rml_ident EQUALS conbind_plus

    IDENT  shift, and go to state 6

    ident      go to state 7
    rml_ident  go to state 50


state 28

  137 tyvarseq: tyvar .

    $default  reduce using rule 137 (tyvarseq)


state 29

   14 rml_interface_item: KW_RELATION rml_ident . COLON ty

    COLON  shift, and go to state 51


state 30

   11 rml_interface_item: KW_TYPE typbind_plus .

    $default  reduce using rule 11 (rml_interface_item)


state 31

   27 typbind_plus: typbind . KW_AND typbind_plus
   28             | typbind .

    KW_AND  shift, and go to state 52

    $default  reduce using rule 28 (typbind_plus)


state 32

   10 rml_interface_item: KW_TYPE tyvarparseq . rml_ident
  138 tyvarseq: tyvarparseq .

    IDENT  shift, and go to state 6

    IDENT  [reduce using rule 138 (tyvarseq)]

    ident      go to state 7
    rml_ident  go to state 53


state 33

   29 typbind: tyvarseq . rml_ident EQUALS ty

    IDENT  shift, and go to state 6

    ident      go to state 7
    rml_ident  go to state 54


state 34

   13 rml_interface_item: KW_VAL rml_ident . COLON ty

    COLON  shift, and go to state 55


state 35

    9 rml_interface_item: KW_WITH SCON .

    $default  reduce using rule 9 (rml_interface_item)


state 36

    6 rml_interface: rml_interface_item_star @1 . KW_END

    KW_END  shift, and go to state 56


state 37

    7 rml_interface_item_star: rml_interface_item rml_interface_item_star .

    $default  reduce using rule 7 (rml_interface_item_star)


state 38

   19 rml_definition_item: KW_DATATYPE . datbind_plus withbind

    LPAR        shift, and go to state 22
    TYVARIDENT  shift, and go to state 23

    $default  reduce using rule 136 (tyvarseq)

    datbind_plus  go to state 57
    datbind       go to state 25
    tyvarparseq   go to state 26
    tyvarseq      go to state 27
    tyvar         go to state 28


state 39

   21 rml_definition_item: KW_RELATION . relbind

    IDENT  shift, and go to state 6

    relbind    go to state 58
    ident      go to state 7
    rml_ident  go to state 59


state 40

   18 rml_definition_item: KW_TYPE . typbind_plus

    LPAR        shift, and go to state 22
    TYVARIDENT  shift, and go to state 23

    $default  reduce using rule 136 (tyvarseq)

    typbind_plus  go to state 60
    typbind       go to state 31
    tyvarparseq   go to state 26
    tyvarseq      go to state 33
    tyvar         go to state 28


state 41

   20 rml_definition_item: KW_VAL . rml_ident EQUALS rml_expression

    IDENT  shift, and go to state 6

    ident      go to state 7
    rml_ident  go to state 61


state 42

   17 rml_definition_item: KW_WITH . SCON

    SCON  shift, and go to state 62


state 43

    3 rml_file: KW_MODULE rml_ident COLON rml_interface rml_definitions .

    $default  reduce using rule 3 (rml_file)


state 44

   15 rml_definitions: rml_definition_item . rml_definitions

    KW_DATATYPE  shift, and go to state 38
    KW_RELATION  shift, and go to state 39
    KW_TYPE      shift, and go to state 40
    KW_VAL       shift, and go to state 41
    KW_WITH      shift, and go to state 42

    $default  reduce using rule 16 (rml_definitions)

    rml_definitions      go to state 63
    rml_definition_item  go to state 44


state 45

  135 tyvarparseq: LPAR tyvarseq1 . RPAR

    RPAR  shift, and go to state 64


state 46

  133 tyvarseq1: tyvar . COMMA tyvarseq1
  134          | tyvar .

    COMMA  shift, and go to state 65

    $default  reduce using rule 134 (tyvarseq1)


state 47

   26 withbind: KW_WITHTYPE . typbind_plus

    LPAR        shift, and go to state 22
    TYVARIDENT  shift, and go to state 23

    $default  reduce using rule 136 (tyvarseq)

    typbind_plus  go to state 66
    typbind       go to state 31
    tyvarparseq   go to state 26
    tyvarseq      go to state 33
    tyvar         go to state 28


state 48

   12 rml_interface_item: KW_DATATYPE datbind_plus withbind .

    $default  reduce using rule 12 (rml_interface_item)


state 49

   30 datbind_plus: datbind KW_AND . datbind_plus

    LPAR        shift, and go to state 22
    TYVARIDENT  shift, and go to state 23

    $default  reduce using rule 136 (tyvarseq)

    datbind_plus  go to state 67
    datbind       go to state 25
    tyvarparseq   go to state 26
    tyvarseq      go to state 27
    tyvar         go to state 28


state 50

   32 datbind: tyvarseq rml_ident . EQUALS conbind_plus

    EQUALS  shift, and go to state 68


state 51

   14 rml_interface_item: KW_RELATION rml_ident COLON . ty

    LPAR        shift, and go to state 69
    IDENT       shift, and go to state 6
    TYVARIDENT  shift, and go to state 23

    ty             go to state 70
    tuple_ty       go to state 71
    ty_sans_star   go to state 72
    seq_ty         go to state 73
    longid         go to state 74
    longorshortid  go to state 75
    ident          go to state 76
    rml_ident      go to state 77
    tyvar          go to state 78


state 52

   27 typbind_plus: typbind KW_AND . typbind_plus

    LPAR        shift, and go to state 22
    TYVARIDENT  shift, and go to state 23

    $default  reduce using rule 136 (tyvarseq)

    typbind_plus  go to state 79
    typbind       go to state 31
    tyvarparseq   go to state 26
    tyvarseq      go to state 33
    tyvar         go to state 28


state 53

   10 rml_interface_item: KW_TYPE tyvarparseq rml_ident .

    $default  reduce using rule 10 (rml_interface_item)


state 54

   29 typbind: tyvarseq rml_ident . EQUALS ty

    EQUALS  shift, and go to state 80


state 55

   13 rml_interface_item: KW_VAL rml_ident COLON . ty

    LPAR        shift, and go to state 69
    IDENT       shift, and go to state 6
    TYVARIDENT  shift, and go to state 23

    ty             go to state 81
    tuple_ty       go to state 71
    ty_sans_star   go to state 72
    seq_ty         go to state 73
    longid         go to state 74
    longorshortid  go to state 75
    ident          go to state 76
    rml_ident      go to state 77
    tyvar          go to state 78


state 56

    6 rml_interface: rml_interface_item_star @1 KW_END .

    $default  reduce using rule 6 (rml_interface)


state 57

   19 rml_definition_item: KW_DATATYPE datbind_plus . withbind

    KW_WITHTYPE  shift, and go to state 47

    $default  reduce using rule 25 (withbind)

    withbind  go to state 82


state 58

   21 rml_definition_item: KW_RELATION relbind .

    $default  reduce using rule 21 (rml_definition_item)


state 59

   24 relbind: rml_ident . opt_type EQUALS clause_plus default_opt KW_END

    COLON  shift, and go to state 83

    $default  reduce using rule 145 (empty)

    opt_type  go to state 84
    empty     go to state 85


state 60

   18 rml_definition_item: KW_TYPE typbind_plus .

    $default  reduce using rule 18 (rml_definition_item)


state 61

   20 rml_definition_item: KW_VAL rml_ident . EQUALS rml_expression

    EQUALS  shift, and go to state 86


state 62

   17 rml_definition_item: KW_WITH SCON .

    $default  reduce using rule 17 (rml_definition_item)


state 63

   15 rml_definitions: rml_definition_item rml_definitions .

    $default  reduce using rule 15 (rml_definitions)


state 64

  135 tyvarparseq: LPAR tyvarseq1 RPAR .

    $default  reduce using rule 135 (tyvarparseq)


state 65

  133 tyvarseq1: tyvar COMMA . tyvarseq1

    TYVARIDENT  shift, and go to state 23

    tyvarseq1  go to state 87
    tyvar      go to state 46


state 66

   26 withbind: KW_WITHTYPE typbind_plus .

    $default  reduce using rule 26 (withbind)


state 67

   30 datbind_plus: datbind KW_AND datbind_plus .

    $default  reduce using rule 30 (datbind_plus)


state 68

   32 datbind: tyvarseq rml_ident EQUALS . conbind_plus

    IDENT  shift, and go to state 6

    conbind_plus  go to state 88
    conbind       go to state 89
    ident         go to state 7
    rml_ident     go to state 90


state 69

  125 ty_sans_star: LPAR . ty RPAR
  130 seq_ty: LPAR . RPAR
  131       | LPAR . ty_comma_seq2 RPAR

    LPAR        shift, and go to state 69
    RPAR        shift, and go to state 91
    IDENT       shift, and go to state 6
    TYVARIDENT  shift, and go to state 23

    ty             go to state 92
    tuple_ty       go to state 71
    ty_sans_star   go to state 72
    ty_comma_seq2  go to state 93
    seq_ty         go to state 73
    longid         go to state 74
    longorshortid  go to state 75
    ident          go to state 76
    rml_ident      go to state 77
    tyvar          go to state 78


state 70

   14 rml_interface_item: KW_RELATION rml_ident COLON ty .

    $default  reduce using rule 14 (rml_interface_item)


state 71

  121 ty: tuple_ty .
  132 seq_ty: tuple_ty .

    YIELDS    reduce using rule 132 (seq_ty)
    $default  reduce using rule 121 (ty)


state 72

  122 tuple_ty: ty_sans_star . STAR tuple_ty
  123         | ty_sans_star .
  124 ty_sans_star: ty_sans_star . longorshortid

    STAR   shift, and go to state 94
    IDENT  shift, and go to state 6

    $default  reduce using rule 123 (tuple_ty)

    longid         go to state 74
    longorshortid  go to state 95
    ident          go to state 76
    rml_ident      go to state 77


state 73

  120 ty: seq_ty . YIELDS seq_ty

    YIELDS  shift, and go to state 96


state 74

  140 longorshortid: longid .

    $default  reduce using rule 140 (longorshortid)


state 75

  127 ty_sans_star: longorshortid .

    $default  reduce using rule 127 (ty_sans_star)


state 76

  139 longid: ident . DOT ident
  143 rml_ident: ident .

    DOT  shift, and go to state 97

    $default  reduce using rule 143 (rml_ident)


state 77

  141 longorshortid: rml_ident .

    $default  reduce using rule 141 (longorshortid)


state 78

  126 ty_sans_star: tyvar .

    $default  reduce using rule 126 (ty_sans_star)


state 79

   27 typbind_plus: typbind KW_AND typbind_plus .

    $default  reduce using rule 27 (typbind_plus)


state 80

   29 typbind: tyvarseq rml_ident EQUALS . ty

    LPAR        shift, and go to state 69
    IDENT       shift, and go to state 6
    TYVARIDENT  shift, and go to state 23

    ty             go to state 98
    tuple_ty       go to state 71
    ty_sans_star   go to state 72
    seq_ty         go to state 73
    longid         go to state 74
    longorshortid  go to state 75
    ident          go to state 76
    rml_ident      go to state 77
    tyvar          go to state 78


state 81

   13 rml_interface_item: KW_VAL rml_ident COLON ty .

    $default  reduce using rule 13 (rml_interface_item)


state 82

   19 rml_definition_item: KW_DATATYPE datbind_plus withbind .

    $default  reduce using rule 19 (rml_definition_item)


state 83

   22 opt_type: COLON . ty

    LPAR        shift, and go to state 69
    IDENT       shift, and go to state 6
    TYVARIDENT  shift, and go to state 23

    ty             go to state 99
    tuple_ty       go to state 71
    ty_sans_star   go to state 72
    seq_ty         go to state 73
    longid         go to state 74
    longorshortid  go to state 75
    ident          go to state 76
    rml_ident      go to state 77
    tyvar          go to state 78


state 84

   24 relbind: rml_ident opt_type . EQUALS clause_plus default_opt KW_END

    EQUALS  shift, and go to state 100


state 85

   23 opt_type: empty .

    $default  reduce using rule 23 (opt_type)


state 86

   20 rml_definition_item: KW_VAL rml_ident EQUALS . rml_expression

    LBRACK  shift, and go to state 101
    LPAR    shift, and go to state 102
    MINUS   shift, and go to state 103
    IDENT   shift, and go to state 6
    CCON    shift, and go to state 104
    ICON    shift, and go to state 105
    RCON    shift, and go to state 106
    SCON    shift, and go to state 107

    rml_expression  go to state 108
    rml_exp_a       go to state 109
    rml_exp_c       go to state 110
    rml_addsub      go to state 111
    rml_muldiv      go to state 112
    rml_unary       go to state 113
    rml_primary     go to state 114
    rml_literal     go to state 115
    longid          go to state 74
    longorshortid   go to state 116
    ident           go to state 76
    rml_ident       go to state 77


state 87

  133 tyvarseq1: tyvar COMMA tyvarseq1 .

    $default  reduce using rule 133 (tyvarseq1)


state 88

   32 datbind: tyvarseq rml_ident EQUALS conbind_plus .

    $default  reduce using rule 32 (datbind)


state 89

   33 conbind_plus: conbind . BAR conbind_plus
   34             | conbind .

    BAR  shift, and go to state 117

    $default  reduce using rule 34 (conbind_plus)


state 90

   35 conbind: rml_ident .
   36        | rml_ident . KW_OF tuple_ty

    KW_OF  shift, and go to state 118

    $default  reduce using rule 35 (conbind)


state 91

  130 seq_ty: LPAR RPAR .

    $default  reduce using rule 130 (seq_ty)


state 92

  125 ty_sans_star: LPAR ty . RPAR
  128 ty_comma_seq2: ty . COMMA ty_comma_seq2
  129              | ty . COMMA ty

    RPAR   shift, and go to state 119
    COMMA  shift, and go to state 120


state 93

  131 seq_ty: LPAR ty_comma_seq2 . RPAR

    RPAR  shift, and go to state 121


state 94

  122 tuple_ty: ty_sans_star STAR . tuple_ty

    LPAR        shift, and go to state 122
    IDENT       shift, and go to state 6
    TYVARIDENT  shift, and go to state 23

    tuple_ty       go to state 123
    ty_sans_star   go to state 72
    longid         go to state 74
    longorshortid  go to state 75
    ident          go to state 76
    rml_ident      go to state 77
    tyvar          go to state 78


state 95

  124 ty_sans_star: ty_sans_star longorshortid .

    $default  reduce using rule 124 (ty_sans_star)


state 96

  120 ty: seq_ty YIELDS . seq_ty

    LPAR        shift, and go to state 69
    IDENT       shift, and go to state 6
    TYVARIDENT  shift, and go to state 23

    tuple_ty       go to state 124
    ty_sans_star   go to state 72
    seq_ty         go to state 125
    longid         go to state 74
    longorshortid  go to state 75
    ident          go to state 76
    rml_ident      go to state 77
    tyvar          go to state 78


state 97

  139 longid: ident DOT . ident

    IDENT  shift, and go to state 6

    ident  go to state 126


state 98

   29 typbind: tyvarseq rml_ident EQUALS ty .

    $default  reduce using rule 29 (typbind)


state 99

   22 opt_type: COLON ty .

    $default  reduce using rule 22 (opt_type)


state 100

   24 relbind: rml_ident opt_type EQUALS . clause_plus default_opt KW_END

    KW_AXIOM  shift, and go to state 127
    KW_RULE   shift, and go to state 128

    clause_plus  go to state 129
    clause       go to state 130


state 101

   77 rml_primary: LBRACK . rml_exp_comma_star RBRACK

    LBRACK  shift, and go to state 101
    LPAR    shift, and go to state 102
    MINUS   shift, and go to state 103
    IDENT   shift, and go to state 6
    CCON    shift, and go to state 104
    ICON    shift, and go to state 105
    RCON    shift, and go to state 106
    SCON    shift, and go to state 107

    $default  reduce using rule 80 (rml_exp_comma_star)

    rml_expression      go to state 131
    rml_exp_a           go to state 109
    rml_exp_c           go to state 110
    rml_addsub          go to state 111
    rml_muldiv          go to state 112
    rml_unary           go to state 113
    rml_primary         go to state 114
    rml_exp_comma_star  go to state 132
    rml_exp_comma_plus  go to state 133
    rml_literal         go to state 115
    longid              go to state 74
    longorshortid       go to state 116
    ident               go to state 76
    rml_ident           go to state 77


state 102

   59 rml_exp_a: LPAR . RPAR
   60          | LPAR . rml_expression RPAR
   61          | LPAR . rml_expression_list RPAR
   78 rml_primary: LPAR . rml_expression RPAR
   79            | LPAR . RPAR

    LBRACK  shift, and go to state 101
    LPAR    shift, and go to state 102
    RPAR    shift, and go to state 134
    MINUS   shift, and go to state 103
    IDENT   shift, and go to state 6
    CCON    shift, and go to state 104
    ICON    shift, and go to state 105
    RCON    shift, and go to state 106
    SCON    shift, and go to state 107

    rml_expression       go to state 135
    rml_expression_list  go to state 136
    rml_exp_a            go to state 109
    rml_exp_c            go to state 110
    rml_addsub           go to state 111
    rml_muldiv           go to state 112
    rml_unary            go to state 113
    rml_primary          go to state 114
    rml_literal          go to state 115
    longid               go to state 74
    longorshortid        go to state 116
    ident                go to state 76
    rml_ident            go to state 77


state 103

   73 rml_unary: MINUS . rml_unary

    LBRACK  shift, and go to state 101
    LPAR    shift, and go to state 137
    MINUS   shift, and go to state 103
    IDENT   shift, and go to state 6
    CCON    shift, and go to state 104
    ICON    shift, and go to state 105
    RCON    shift, and go to state 106
    SCON    shift, and go to state 107

    rml_unary      go to state 138
    rml_primary    go to state 114
    rml_literal    go to state 115
    longid         go to state 74
    longorshortid  go to state 139
    ident          go to state 76
    rml_ident      go to state 77


state 104

  116 rml_literal: CCON .

    $default  reduce using rule 116 (rml_literal)


state 105

  117 rml_literal: ICON .

    $default  reduce using rule 117 (rml_literal)


state 106

  118 rml_literal: RCON .

    $default  reduce using rule 118 (rml_literal)


state 107

  119 rml_literal: SCON .

    $default  reduce using rule 119 (rml_literal)


state 108

   20 rml_definition_item: KW_VAL rml_ident EQUALS rml_expression .

    $default  reduce using rule 20 (rml_definition_item)


state 109

   55 rml_expression: rml_exp_a . COLONCOLON rml_expression
   56               | rml_exp_a .

    COLONCOLON  shift, and go to state 140

    $default  reduce using rule 56 (rml_expression)


state 110

   62 rml_exp_a: rml_exp_c .

    $default  reduce using rule 62 (rml_exp_a)


state 111

   66 rml_exp_c: rml_addsub .

    $default  reduce using rule 66 (rml_exp_c)


state 112

   67 rml_addsub: rml_muldiv . PLUS rml_addsub
   68           | rml_muldiv . MINUS rml_addsub
   69           | rml_muldiv .

    PLUS   shift, and go to state 141
    MINUS  shift, and go to state 142

    $default  reduce using rule 69 (rml_addsub)


state 113

   70 rml_muldiv: rml_unary . STAR rml_muldiv
   71           | rml_unary . DIV rml_muldiv
   72           | rml_unary .

    STAR  shift, and go to state 143
    DIV   shift, and go to state 144

    $default  reduce using rule 72 (rml_muldiv)


state 114

   74 rml_unary: rml_primary .

    $default  reduce using rule 74 (rml_unary)


state 115

   75 rml_primary: rml_literal .

    $default  reduce using rule 75 (rml_primary)


state 116

   65 rml_exp_c: longorshortid . rml_exp_star
   76 rml_primary: longorshortid .

    LPAR  shift, and go to state 145

    $default  reduce using rule 76 (rml_primary)

    rml_exp_star  go to state 146


state 117

   33 conbind_plus: conbind BAR . conbind_plus

    IDENT  shift, and go to state 6

    conbind_plus  go to state 147
    conbind       go to state 89
    ident         go to state 7
    rml_ident     go to state 90


state 118

   36 conbind: rml_ident KW_OF . tuple_ty

    LPAR        shift, and go to state 122
    IDENT       shift, and go to state 6
    TYVARIDENT  shift, and go to state 23

    tuple_ty       go to state 148
    ty_sans_star   go to state 72
    longid         go to state 74
    longorshortid  go to state 75
    ident          go to state 76
    rml_ident      go to state 77
    tyvar          go to state 78


state 119

  125 ty_sans_star: LPAR ty RPAR .

    $default  reduce using rule 125 (ty_sans_star)


state 120

  128 ty_comma_seq2: ty COMMA . ty_comma_seq2
  129              | ty COMMA . ty

    LPAR        shift, and go to state 69
    IDENT       shift, and go to state 6
    TYVARIDENT  shift, and go to state 23

    ty             go to state 149
    tuple_ty       go to state 71
    ty_sans_star   go to state 72
    ty_comma_seq2  go to state 150
    seq_ty         go to state 73
    longid         go to state 74
    longorshortid  go to state 75
    ident          go to state 76
    rml_ident      go to state 77
    tyvar          go to state 78


state 121

  131 seq_ty: LPAR ty_comma_seq2 RPAR .

    $default  reduce using rule 131 (seq_ty)


state 122

  125 ty_sans_star: LPAR . ty RPAR

    LPAR        shift, and go to state 69
    IDENT       shift, and go to state 6
    TYVARIDENT  shift, and go to state 23

    ty             go to state 151
    tuple_ty       go to state 71
    ty_sans_star   go to state 72
    seq_ty         go to state 73
    longid         go to state 74
    longorshortid  go to state 75
    ident          go to state 76
    rml_ident      go to state 77
    tyvar          go to state 78


state 123

  122 tuple_ty: ty_sans_star STAR tuple_ty .

    $default  reduce using rule 122 (tuple_ty)


state 124

  132 seq_ty: tuple_ty .

    $default  reduce using rule 132 (seq_ty)


state 125

  120 ty: seq_ty YIELDS seq_ty .

    $default  reduce using rule 120 (ty)


state 126

  139 longid: ident DOT ident .

    $default  reduce using rule 139 (longid)


state 127

   42 clause: KW_AXIOM . rml_ident seq_pat result

    IDENT  shift, and go to state 6

    ident      go to state 7
    rml_ident  go to state 152


state 128

   41 clause: KW_RULE . conjunctive_goal_opt DASHES rml_ident seq_pat result

    KW_LET  shift, and go to state 153
    KW_NOT  shift, and go to state 154
    LPAR    shift, and go to state 155
    IDENT   shift, and go to state 6

    $default  reduce using rule 46 (conjunctive_goal_opt)

    conjunctive_goal_opt  go to state 156
    conjunctive_goal      go to state 157
    atomic_goal           go to state 158
    longid                go to state 74
    longorshortid         go to state 159
    ident                 go to state 76
    rml_ident             go to state 160


state 129

   24 relbind: rml_ident opt_type EQUALS clause_plus . default_opt KW_END

    KW_DEFAULT  shift, and go to state 161

    $default  reduce using rule 37 (default_opt)

    default_opt  go to state 162


state 130

   39 clause_plus: clause . clause_plus
   40            | clause .

    KW_AXIOM  shift, and go to state 127
    KW_RULE   shift, and go to state 128

    $default  reduce using rule 40 (clause_plus)

    clause_plus  go to state 163
    clause       go to state 130


state 131

   82 rml_exp_comma_plus: rml_expression . COMMA rml_exp_comma_plus
   83                   | rml_expression .

    COMMA  shift, and go to state 164

    $default  reduce using rule 83 (rml_exp_comma_plus)


state 132

   77 rml_primary: LBRACK rml_exp_comma_star . RBRACK

    RBRACK  shift, and go to state 165


state 133

   81 rml_exp_comma_star: rml_exp_comma_plus .

    $default  reduce using rule 81 (rml_exp_comma_star)


state 134

   59 rml_exp_a: LPAR RPAR .
   79 rml_primary: LPAR RPAR .

    $end         reduce using rule 59 (rml_exp_a)
    $end         [reduce using rule 79 (rml_primary)]
    KW_DATATYPE  reduce using rule 59 (rml_exp_a)
    KW_DATATYPE  [reduce using rule 79 (rml_primary)]
    KW_RELATION  reduce using rule 59 (rml_exp_a)
    KW_RELATION  [reduce using rule 79 (rml_primary)]
    KW_TYPE      reduce using rule 59 (rml_exp_a)
    KW_TYPE      [reduce using rule 79 (rml_primary)]
    KW_VAL       reduce using rule 59 (rml_exp_a)
    KW_VAL       [reduce using rule 79 (rml_primary)]
    KW_WITH      reduce using rule 59 (rml_exp_a)
    KW_WITH      [reduce using rule 79 (rml_primary)]
    RBRACK       reduce using rule 59 (rml_exp_a)
    RBRACK       [reduce using rule 79 (rml_primary)]
    RPAR         reduce using rule 59 (rml_exp_a)
    RPAR         [reduce using rule 79 (rml_primary)]
    COLONCOLON   reduce using rule 59 (rml_exp_a)
    COLONCOLON   [reduce using rule 79 (rml_primary)]
    COMMA        reduce using rule 59 (rml_exp_a)
    COMMA        [reduce using rule 79 (rml_primary)]
    DASHES       reduce using rule 59 (rml_exp_a)
    DASHES       [reduce using rule 79 (rml_primary)]
    AMPERSAND    reduce using rule 59 (rml_exp_a)
    AMPERSAND    [reduce using rule 79 (rml_primary)]
    STAR         reduce using rule 79 (rml_primary)
    PLUS         reduce using rule 79 (rml_primary)
    MINUS        reduce using rule 79 (rml_primary)
    DIV          reduce using rule 79 (rml_primary)
    $default     reduce using rule 59 (rml_exp_a)


state 135

   57 rml_expression_list: rml_expression . COMMA rml_expression_list
   58                    | rml_expression .
   60 rml_exp_a: LPAR rml_expression . RPAR
   78 rml_primary: LPAR rml_expression . RPAR

    RPAR   shift, and go to state 166
    COMMA  shift, and go to state 167

    RPAR  [reduce using rule 58 (rml_expression_list)]


state 136

   61 rml_exp_a: LPAR rml_expression_list . RPAR

    RPAR  shift, and go to state 168


state 137

   78 rml_primary: LPAR . rml_expression RPAR
   79            | LPAR . RPAR

    LBRACK  shift, and go to state 101
    LPAR    shift, and go to state 102
    RPAR    shift, and go to state 169
    MINUS   shift, and go to state 103
    IDENT   shift, and go to state 6
    CCON    shift, and go to state 104
    ICON    shift, and go to state 105
    RCON    shift, and go to state 106
    SCON    shift, and go to state 107

    rml_expression  go to state 170
    rml_exp_a       go to state 109
    rml_exp_c       go to state 110
    rml_addsub      go to state 111
    rml_muldiv      go to state 112
    rml_unary       go to state 113
    rml_primary     go to state 114
    rml_literal     go to state 115
    longid          go to state 74
    longorshortid   go to state 116
    ident           go to state 76
    rml_ident       go to state 77


state 138

   73 rml_unary: MINUS rml_unary .

    $default  reduce using rule 73 (rml_unary)


state 139

   76 rml_primary: longorshortid .

    $default  reduce using rule 76 (rml_primary)


state 140

   55 rml_expression: rml_exp_a COLONCOLON . rml_expression

    LBRACK  shift, and go to state 101
    LPAR    shift, and go to state 102
    MINUS   shift, and go to state 103
    IDENT   shift, and go to state 6
    CCON    shift, and go to state 104
    ICON    shift, and go to state 105
    RCON    shift, and go to state 106
    SCON    shift, and go to state 107

    rml_expression  go to state 171
    rml_exp_a       go to state 109
    rml_exp_c       go to state 110
    rml_addsub      go to state 111
    rml_muldiv      go to state 112
    rml_unary       go to state 113
    rml_primary     go to state 114
    rml_literal     go to state 115
    longid          go to state 74
    longorshortid   go to state 116
    ident           go to state 76
    rml_ident       go to state 77


state 141

   67 rml_addsub: rml_muldiv PLUS . rml_addsub

    LBRACK  shift, and go to state 101
    LPAR    shift, and go to state 137
    MINUS   shift, and go to state 103
    IDENT   shift, and go to state 6
    CCON    shift, and go to state 104
    ICON    shift, and go to state 105
    RCON    shift, and go to state 106
    SCON    shift, and go to state 107

    rml_addsub     go to state 172
    rml_muldiv     go to state 112
    rml_unary      go to state 113
    rml_primary    go to state 114
    rml_literal    go to state 115
    longid         go to state 74
    longorshortid  go to state 139
    ident          go to state 76
    rml_ident      go to state 77


state 142

   68 rml_addsub: rml_muldiv MINUS . rml_addsub

    LBRACK  shift, and go to state 101
    LPAR    shift, and go to state 137
    MINUS   shift, and go to state 103
    IDENT   shift, and go to state 6
    CCON    shift, and go to state 104
    ICON    shift, and go to state 105
    RCON    shift, and go to state 106
    SCON    shift, and go to state 107

    rml_addsub     go to state 173
    rml_muldiv     go to state 112
    rml_unary      go to state 113
    rml_primary    go to state 114
    rml_literal    go to state 115
    longid         go to state 74
    longorshortid  go to state 139
    ident          go to state 76
    rml_ident      go to state 77


state 143

   70 rml_muldiv: rml_unary STAR . rml_muldiv

    LBRACK  shift, and go to state 101
    LPAR    shift, and go to state 137
    MINUS   shift, and go to state 103
    IDENT   shift, and go to state 6
    CCON    shift, and go to state 104
    ICON    shift, and go to state 105
    RCON    shift, and go to state 106
    SCON    shift, and go to state 107

    rml_muldiv     go to state 174
    rml_unary      go to state 113
    rml_primary    go to state 114
    rml_literal    go to state 115
    longid         go to state 74
    longorshortid  go to state 139
    ident          go to state 76
    rml_ident      go to state 77


state 144

   71 rml_muldiv: rml_unary DIV . rml_muldiv

    LBRACK  shift, and go to state 101
    LPAR    shift, and go to state 137
    MINUS   shift, and go to state 103
    IDENT   shift, and go to state 6
    CCON    shift, and go to state 104
    ICON    shift, and go to state 105
    RCON    shift, and go to state 106
    SCON    shift, and go to state 107

    rml_muldiv     go to state 175
    rml_unary      go to state 113
    rml_primary    go to state 114
    rml_literal    go to state 115
    longid         go to state 74
    longorshortid  go to state 139
    ident          go to state 76
    rml_ident      go to state 77


state 145

   84 rml_exp_star: LPAR . rml_exp_comma_star RPAR

    LBRACK  shift, and go to state 101
    LPAR    shift, and go to state 102
    MINUS   shift, and go to state 103
    IDENT   shift, and go to state 6
    CCON    shift, and go to state 104
    ICON    shift, and go to state 105
    RCON    shift, and go to state 106
    SCON    shift, and go to state 107

    $default  reduce using rule 80 (rml_exp_comma_star)

    rml_expression      go to state 131
    rml_exp_a           go to state 109
    rml_exp_c           go to state 110
    rml_addsub          go to state 111
    rml_muldiv          go to state 112
    rml_unary           go to state 113
    rml_primary         go to state 114
    rml_exp_comma_star  go to state 176
    rml_exp_comma_plus  go to state 133
    rml_literal         go to state 115
    longid              go to state 74
    longorshortid       go to state 116
    ident               go to state 76
    rml_ident           go to state 77


state 146

   65 rml_exp_c: longorshortid rml_exp_star .

    $default  reduce using rule 65 (rml_exp_c)


state 147

   33 conbind_plus: conbind BAR conbind_plus .

    $default  reduce using rule 33 (conbind_plus)


state 148

   36 conbind: rml_ident KW_OF tuple_ty .

    $default  reduce using rule 36 (conbind)


state 149

  128 ty_comma_seq2: ty . COMMA ty_comma_seq2
  129              | ty . COMMA ty
  129              | ty COMMA ty .

    COMMA  shift, and go to state 120

    $default  reduce using rule 129 (ty_comma_seq2)


state 150

  128 ty_comma_seq2: ty COMMA ty_comma_seq2 .

    $default  reduce using rule 128 (ty_comma_seq2)


state 151

  125 ty_sans_star: LPAR ty . RPAR

    RPAR  shift, and go to state 119


state 152

   42 clause: KW_AXIOM rml_ident . seq_pat result

    LBRACK      shift, and go to state 177
    LPAR        shift, and go to state 178
    UNDERSCORE  shift, and go to state 179
    IDENT       shift, and go to state 6
    CCON        shift, and go to state 104
    ICON        shift, and go to state 105
    RCON        shift, and go to state 106
    SCON        shift, and go to state 107

    $default  reduce using rule 108 (seq_pat)

    pat_c          go to state 180
    pat_d          go to state 181
    pat_e          go to state 182
    seq_pat        go to state 183
    pat_star       go to state 184
    rml_literal    go to state 185
    longid         go to state 186
    longorshortid  go to state 187
    ident          go to state 76
    rml_ident      go to state 188


state 153

   52 atomic_goal: KW_LET . pat EQUALS rml_expression

    LBRACK      shift, and go to state 177
    LPAR        shift, and go to state 189
    UNDERSCORE  shift, and go to state 179
    IDENT       shift, and go to state 6
    CCON        shift, and go to state 104
    ICON        shift, and go to state 105
    RCON        shift, and go to state 106
    SCON        shift, and go to state 107

    pat            go to state 190
    pat_a          go to state 191
    pat_b          go to state 192
    pat_d          go to state 193
    pat_e          go to state 182
    rml_literal    go to state 185
    longid         go to state 186
    longorshortid  go to state 187
    ident          go to state 76
    rml_ident      go to state 194


state 154

   53 atomic_goal: KW_NOT . atomic_goal

    KW_LET  shift, and go to state 153
    KW_NOT  shift, and go to state 154
    LPAR    shift, and go to state 155
    IDENT   shift, and go to state 6

    atomic_goal    go to state 195
    longid         go to state 74
    longorshortid  go to state 159
    ident          go to state 76
    rml_ident      go to state 160


state 155

   54 atomic_goal: LPAR . conjunctive_goal RPAR

    KW_LET  shift, and go to state 153
    KW_NOT  shift, and go to state 154
    LPAR    shift, and go to state 155
    IDENT   shift, and go to state 6

    conjunctive_goal  go to state 196
    atomic_goal       go to state 158
    longid            go to state 74
    longorshortid     go to state 159
    ident             go to state 76
    rml_ident         go to state 160


state 156

   41 clause: KW_RULE conjunctive_goal_opt . DASHES rml_ident seq_pat result

    DASHES  shift, and go to state 197


state 157

   47 conjunctive_goal_opt: conjunctive_goal .

    $default  reduce using rule 47 (conjunctive_goal_opt)


state 158

   48 conjunctive_goal: atomic_goal . AMPERSAND conjunctive_goal
   49                 | atomic_goal .

    AMPERSAND  shift, and go to state 198

    $default  reduce using rule 49 (conjunctive_goal)


state 159

   50 atomic_goal: longorshortid . seq_exp res_pat

    LBRACK  shift, and go to state 101
    LPAR    shift, and go to state 199
    MINUS   shift, and go to state 103
    IDENT   shift, and go to state 6
    CCON    shift, and go to state 104
    ICON    shift, and go to state 105
    RCON    shift, and go to state 106
    SCON    shift, and go to state 107

    $default  reduce using rule 85 (seq_exp)

    rml_exp_b      go to state 200
    rml_exp_c      go to state 201
    rml_addsub     go to state 111
    rml_muldiv     go to state 112
    rml_unary      go to state 113
    rml_primary    go to state 114
    rml_exp_star   go to state 202
    seq_exp        go to state 203
    rml_literal    go to state 115
    longid         go to state 74
    longorshortid  go to state 116
    ident          go to state 76
    rml_ident      go to state 77


state 160

   51 atomic_goal: rml_ident . EQUALS rml_expression
  141 longorshortid: rml_ident .

    EQUALS  shift, and go to state 204

    $default  reduce using rule 141 (longorshortid)


state 161

   38 default_opt: KW_DEFAULT . clause_plus

    KW_AXIOM  shift, and go to state 127
    KW_RULE   shift, and go to state 128

    clause_plus  go to state 205
    clause       go to state 130


state 162

   24 relbind: rml_ident opt_type EQUALS clause_plus default_opt . KW_END

    KW_END  shift, and go to state 206


state 163

   39 clause_plus: clause clause_plus .

    $default  reduce using rule 39 (clause_plus)


state 164

   82 rml_exp_comma_plus: rml_expression COMMA . rml_exp_comma_plus

    LBRACK  shift, and go to state 101
    LPAR    shift, and go to state 102
    MINUS   shift, and go to state 103
    IDENT   shift, and go to state 6
    CCON    shift, and go to state 104
    ICON    shift, and go to state 105
    RCON    shift, and go to state 106
    SCON    shift, and go to state 107

    rml_expression      go to state 131
    rml_exp_a           go to state 109
    rml_exp_c           go to state 110
    rml_addsub          go to state 111
    rml_muldiv          go to state 112
    rml_unary           go to state 113
    rml_primary         go to state 114
    rml_exp_comma_plus  go to state 207
    rml_literal         go to state 115
    longid              go to state 74
    longorshortid       go to state 116
    ident               go to state 76
    rml_ident           go to state 77


state 165

   77 rml_primary: LBRACK rml_exp_comma_star RBRACK .

    $default  reduce using rule 77 (rml_primary)


state 166

   60 rml_exp_a: LPAR rml_expression RPAR .
   78 rml_primary: LPAR rml_expression RPAR .

    $end         reduce using rule 60 (rml_exp_a)
    $end         [reduce using rule 78 (rml_primary)]
    KW_DATATYPE  reduce using rule 60 (rml_exp_a)
    KW_DATATYPE  [reduce using rule 78 (rml_primary)]
    KW_RELATION  reduce using rule 60 (rml_exp_a)
    KW_RELATION  [reduce using rule 78 (rml_primary)]
    KW_TYPE      reduce using rule 60 (rml_exp_a)
    KW_TYPE      [reduce using rule 78 (rml_primary)]
    KW_VAL       reduce using rule 60 (rml_exp_a)
    KW_VAL       [reduce using rule 78 (rml_primary)]
    KW_WITH      reduce using rule 60 (rml_exp_a)
    KW_WITH      [reduce using rule 78 (rml_primary)]
    RBRACK       reduce using rule 60 (rml_exp_a)
    RBRACK       [reduce using rule 78 (rml_primary)]
    RPAR         reduce using rule 60 (rml_exp_a)
    RPAR         [reduce using rule 78 (rml_primary)]
    COLONCOLON   reduce using rule 60 (rml_exp_a)
    COLONCOLON   [reduce using rule 78 (rml_primary)]
    COMMA        reduce using rule 60 (rml_exp_a)
    COMMA        [reduce using rule 78 (rml_primary)]
    DASHES       reduce using rule 60 (rml_exp_a)
    DASHES       [reduce using rule 78 (rml_primary)]
    AMPERSAND    reduce using rule 60 (rml_exp_a)
    AMPERSAND    [reduce using rule 78 (rml_primary)]
    STAR         reduce using rule 78 (rml_primary)
    PLUS         reduce using rule 78 (rml_primary)
    MINUS        reduce using rule 78 (rml_primary)
    DIV          reduce using rule 78 (rml_primary)
    $default     reduce using rule 60 (rml_exp_a)


state 167

   57 rml_expression_list: rml_expression COMMA . rml_expression_list

    LBRACK  shift, and go to state 101
    LPAR    shift, and go to state 102
    MINUS   shift, and go to state 103
    IDENT   shift, and go to state 6
    CCON    shift, and go to state 104
    ICON    shift, and go to state 105
    RCON    shift, and go to state 106
    SCON    shift, and go to state 107

    rml_expression       go to state 208
    rml_expression_list  go to state 209
    rml_exp_a            go to state 109
    rml_exp_c            go to state 110
    rml_addsub           go to state 111
    rml_muldiv           go to state 112
    rml_unary            go to state 113
    rml_primary          go to state 114
    rml_literal          go to state 115
    longid               go to state 74
    longorshortid        go to state 116
    ident                go to state 76
    rml_ident            go to state 77


state 168

   61 rml_exp_a: LPAR rml_expression_list RPAR .

    $default  reduce using rule 61 (rml_exp_a)


state 169

   79 rml_primary: LPAR RPAR .

    $default  reduce using rule 79 (rml_primary)


state 170

   78 rml_primary: LPAR rml_expression . RPAR

    RPAR  shift, and go to state 210


state 171

   55 rml_expression: rml_exp_a COLONCOLON rml_expression .

    $default  reduce using rule 55 (rml_expression)


state 172

   67 rml_addsub: rml_muldiv PLUS rml_addsub .

    $default  reduce using rule 67 (rml_addsub)


state 173

   68 rml_addsub: rml_muldiv MINUS rml_addsub .

    $default  reduce using rule 68 (rml_addsub)


state 174

   70 rml_muldiv: rml_unary STAR rml_muldiv .

    $default  reduce using rule 70 (rml_muldiv)


state 175

   71 rml_muldiv: rml_unary DIV rml_muldiv .

    $default  reduce using rule 71 (rml_muldiv)


state 176

   84 rml_exp_star: LPAR rml_exp_comma_star . RPAR

    RPAR  shift, and go to state 211


state 177

  105 pat_e: LBRACK . pat_comma_star RBRACK

    LBRACK      shift, and go to state 177
    LPAR        shift, and go to state 189
    UNDERSCORE  shift, and go to state 179
    IDENT       shift, and go to state 6
    CCON        shift, and go to state 104
    ICON        shift, and go to state 105
    RCON        shift, and go to state 106
    SCON        shift, and go to state 107

    $default  reduce using rule 112 (pat_comma_star)

    pat             go to state 212
    pat_a           go to state 191
    pat_b           go to state 192
    pat_d           go to state 193
    pat_e           go to state 182
    pat_comma_star  go to state 213
    pat_comma_plus  go to state 214
    rml_literal     go to state 185
    longid          go to state 186
    longorshortid   go to state 187
    ident           go to state 76
    rml_ident       go to state 194


state 178

  111 pat_star: LPAR . pat_comma_star RPAR

    LBRACK      shift, and go to state 177
    LPAR        shift, and go to state 189
    UNDERSCORE  shift, and go to state 179
    IDENT       shift, and go to state 6
    CCON        shift, and go to state 104
    ICON        shift, and go to state 105
    RCON        shift, and go to state 106
    SCON        shift, and go to state 107

    $default  reduce using rule 112 (pat_comma_star)

    pat             go to state 212
    pat_a           go to state 191
    pat_b           go to state 192
    pat_d           go to state 193
    pat_e           go to state 182
    pat_comma_star  go to state 215
    pat_comma_plus  go to state 214
    rml_literal     go to state 185
    longid          go to state 186
    longorshortid   go to state 187
    ident           go to state 76
    rml_ident       go to state 194


state 179

  101 pat_e: UNDERSCORE .

    $default  reduce using rule 101 (pat_e)


state 180

  109 seq_pat: pat_c .

    $default  reduce using rule 109 (seq_pat)


state 181

   96 pat_c: pat_d . COLONCOLON pat_c
   97      | pat_d .

    COLONCOLON  shift, and go to state 216

    $default  reduce using rule 97 (pat_c)


state 182

  100 pat_d: pat_e .

    $default  reduce using rule 100 (pat_d)


state 183

   42 clause: KW_AXIOM rml_ident seq_pat . result

    YIELDS  shift, and go to state 217

    $default  reduce using rule 43 (result)

    result  go to state 218


state 184

  110 seq_pat: pat_star .

    $default  reduce using rule 110 (seq_pat)


state 185

  102 pat_e: rml_literal .

    $default  reduce using rule 102 (pat_e)


state 186

  103 pat_e: longid .
  140 longorshortid: longid .

    LBRACK      reduce using rule 140 (longorshortid)
    LPAR        reduce using rule 140 (longorshortid)
    UNDERSCORE  reduce using rule 140 (longorshortid)
    IDENT       reduce using rule 140 (longorshortid)
    CCON        reduce using rule 140 (longorshortid)
    ICON        reduce using rule 140 (longorshortid)
    RCON        reduce using rule 140 (longorshortid)
    SCON        reduce using rule 140 (longorshortid)
    $default    reduce using rule 103 (pat_e)


state 187

   98 pat_d: longorshortid . pat_star
   99      | longorshortid . pat_e

    LBRACK      shift, and go to state 177
    LPAR        shift, and go to state 178
    UNDERSCORE  shift, and go to state 179
    IDENT       shift, and go to state 6
    CCON        shift, and go to state 104
    ICON        shift, and go to state 105
    RCON        shift, and go to state 106
    SCON        shift, and go to state 107

    pat_e        go to state 219
    pat_star     go to state 220
    rml_literal  go to state 185
    longid       go to state 221
    ident        go to state 76
    rml_ident    go to state 222


state 188

  104 pat_e: rml_ident .
  141 longorshortid: rml_ident .

    LBRACK      reduce using rule 141 (longorshortid)
    LPAR        reduce using rule 141 (longorshortid)
    UNDERSCORE  reduce using rule 141 (longorshortid)
    IDENT       reduce using rule 141 (longorshortid)
    CCON        reduce using rule 141 (longorshortid)
    ICON        reduce using rule 141 (longorshortid)
    RCON        reduce using rule 141 (longorshortid)
    SCON        reduce using rule 141 (longorshortid)
    $default    reduce using rule 104 (pat_e)


state 189

   92 pat_b: LPAR . RPAR
   93      | LPAR . pat RPAR
   94      | LPAR . pat COMMA pat_comma_plus RPAR

    LBRACK      shift, and go to state 177
    LPAR        shift, and go to state 189
    RPAR        shift, and go to state 223
    UNDERSCORE  shift, and go to state 179
    IDENT       shift, and go to state 6
    CCON        shift, and go to state 104
    ICON        shift, and go to state 105
    RCON        shift, and go to state 106
    SCON        shift, and go to state 107

    pat            go to state 224
    pat_a          go to state 191
    pat_b          go to state 192
    pat_d          go to state 193
    pat_e          go to state 182
    rml_literal    go to state 185
    longid         go to state 186
    longorshortid  go to state 187
    ident          go to state 76
    rml_ident      go to state 194


state 190

   52 atomic_goal: KW_LET pat . EQUALS rml_expression

    EQUALS  shift, and go to state 225


state 191

   89 pat: pat_a .

    $default  reduce using rule 89 (pat)


state 192

   90 pat_a: pat_b . COLONCOLON pat_a
   91      | pat_b .

    COLONCOLON  shift, and go to state 226

    $default  reduce using rule 91 (pat_a)


state 193

   95 pat_b: pat_d .

    $default  reduce using rule 95 (pat_b)


state 194

   88 pat: rml_ident . KW_AS pat
  104 pat_e: rml_ident .
  141 longorshortid: rml_ident .

    KW_AS  shift, and go to state 227

    RBRACK      reduce using rule 104 (pat_e)
    RPAR        reduce using rule 104 (pat_e)
    COLONCOLON  reduce using rule 104 (pat_e)
    COMMA       reduce using rule 104 (pat_e)
    EQUALS      reduce using rule 104 (pat_e)
    $default    reduce using rule 141 (longorshortid)


state 195

   53 atomic_goal: KW_NOT atomic_goal .

    $default  reduce using rule 53 (atomic_goal)


state 196

   54 atomic_goal: LPAR conjunctive_goal . RPAR

    RPAR  shift, and go to state 228


state 197

   41 clause: KW_RULE conjunctive_goal_opt DASHES . rml_ident seq_pat result

    IDENT  shift, and go to state 6

    ident      go to state 7
    rml_ident  go to state 229


state 198

   48 conjunctive_goal: atomic_goal AMPERSAND . conjunctive_goal

    KW_LET  shift, and go to state 153
    KW_NOT  shift, and go to state 154
    LPAR    shift, and go to state 155
    IDENT   shift, and go to state 6

    conjunctive_goal  go to state 230
    atomic_goal       go to state 158
    longid            go to state 74
    longorshortid     go to state 159
    ident             go to state 76
    rml_ident         go to state 160


state 199

   78 rml_primary: LPAR . rml_expression RPAR
   79            | LPAR . RPAR
   84 rml_exp_star: LPAR . rml_exp_comma_star RPAR

    LBRACK  shift, and go to state 101
    LPAR    shift, and go to state 102
    RPAR    shift, and go to state 169
    MINUS   shift, and go to state 103
    IDENT   shift, and go to state 6
    CCON    shift, and go to state 104
    ICON    shift, and go to state 105
    RCON    shift, and go to state 106
    SCON    shift, and go to state 107

    RPAR  [reduce using rule 80 (rml_exp_comma_star)]

    rml_expression      go to state 231
    rml_exp_a           go to state 109
    rml_exp_c           go to state 110
    rml_addsub          go to state 111
    rml_muldiv          go to state 112
    rml_unary           go to state 113
    rml_primary         go to state 114
    rml_exp_comma_star  go to state 176
    rml_exp_comma_plus  go to state 133
    rml_literal         go to state 115
    longid              go to state 74
    longorshortid       go to state 116
    ident               go to state 76
    rml_ident           go to state 77


state 200

   86 seq_exp: rml_exp_b .

    $default  reduce using rule 86 (seq_exp)


state 201

   63 rml_exp_b: rml_exp_c . COLONCOLON rml_exp_b
   64          | rml_exp_c .

    COLONCOLON  shift, and go to state 232

    $default  reduce using rule 64 (rml_exp_b)


state 202

   87 seq_exp: rml_exp_star .

    $default  reduce using rule 87 (seq_exp)


state 203

   50 atomic_goal: longorshortid seq_exp . res_pat

    YIELDS  shift, and go to state 233

    $default  reduce using rule 106 (res_pat)

    res_pat  go to state 234


state 204

   51 atomic_goal: rml_ident EQUALS . rml_expression

    LBRACK  shift, and go to state 101
    LPAR    shift, and go to state 102
    MINUS   shift, and go to state 103
    IDENT   shift, and go to state 6
    CCON    shift, and go to state 104
    ICON    shift, and go to state 105
    RCON    shift, and go to state 106
    SCON    shift, and go to state 107

    rml_expression  go to state 235
    rml_exp_a       go to state 109
    rml_exp_c       go to state 110
    rml_addsub      go to state 111
    rml_muldiv      go to state 112
    rml_unary       go to state 113
    rml_primary     go to state 114
    rml_literal     go to state 115
    longid          go to state 74
    longorshortid   go to state 116
    ident           go to state 76
    rml_ident       go to state 77


state 205

   38 default_opt: KW_DEFAULT clause_plus .

    $default  reduce using rule 38 (default_opt)


state 206

   24 relbind: rml_ident opt_type EQUALS clause_plus default_opt KW_END .

    $default  reduce using rule 24 (relbind)


state 207

   82 rml_exp_comma_plus: rml_expression COMMA rml_exp_comma_plus .

    $default  reduce using rule 82 (rml_exp_comma_plus)


state 208

   57 rml_expression_list: rml_expression . COMMA rml_expression_list
   58                    | rml_expression .

    COMMA  shift, and go to state 167

    $default  reduce using rule 58 (rml_expression_list)


state 209

   57 rml_expression_list: rml_expression COMMA rml_expression_list .

    $default  reduce using rule 57 (rml_expression_list)


state 210

   78 rml_primary: LPAR rml_expression RPAR .

    $default  reduce using rule 78 (rml_primary)


state 211

   84 rml_exp_star: LPAR rml_exp_comma_star RPAR .

    $default  reduce using rule 84 (rml_exp_star)


state 212

  114 pat_comma_plus: pat . COMMA pat_comma_plus
  115               | pat .

    COMMA  shift, and go to state 236

    $default  reduce using rule 115 (pat_comma_plus)


state 213

  105 pat_e: LBRACK pat_comma_star . RBRACK

    RBRACK  shift, and go to state 237


state 214

  113 pat_comma_star: pat_comma_plus .

    $default  reduce using rule 113 (pat_comma_star)


state 215

  111 pat_star: LPAR pat_comma_star . RPAR

    RPAR  shift, and go to state 238


state 216

   96 pat_c: pat_d COLONCOLON . pat_c

    LBRACK      shift, and go to state 177
    UNDERSCORE  shift, and go to state 179
    IDENT       shift, and go to state 6
    CCON        shift, and go to state 104
    ICON        shift, and go to state 105
    RCON        shift, and go to state 106
    SCON        shift, and go to state 107

    pat_c          go to state 239
    pat_d          go to state 181
    pat_e          go to state 182
    rml_literal    go to state 185
    longid         go to state 186
    longorshortid  go to state 187
    ident          go to state 76
    rml_ident      go to state 188


state 217

   44 result: YIELDS . seq_exp
   45       | YIELDS . KW_FAIL

    KW_FAIL  shift, and go to state 240
    LBRACK   shift, and go to state 101
    LPAR     shift, and go to state 199
    MINUS    shift, and go to state 103
    IDENT    shift, and go to state 6
    CCON     shift, and go to state 104
    ICON     shift, and go to state 105
    RCON     shift, and go to state 106
    SCON     shift, and go to state 107

    $default  reduce using rule 85 (seq_exp)

    rml_exp_b      go to state 200
    rml_exp_c      go to state 201
    rml_addsub     go to state 111
    rml_muldiv     go to state 112
    rml_unary      go to state 113
    rml_primary    go to state 114
    rml_exp_star   go to state 202
    seq_exp        go to state 241
    rml_literal    go to state 115
    longid         go to state 74
    longorshortid  go to state 116
    ident          go to state 76
    rml_ident      go to state 77


state 218

   42 clause: KW_AXIOM rml_ident seq_pat result .

    $default  reduce using rule 42 (clause)


state 219

   99 pat_d: longorshortid pat_e .

    $default  reduce using rule 99 (pat_d)


state 220

   98 pat_d: longorshortid pat_star .

    $default  reduce using rule 98 (pat_d)


state 221

  103 pat_e: longid .

    $default  reduce using rule 103 (pat_e)


state 222

  104 pat_e: rml_ident .

    $default  reduce using rule 104 (pat_e)


state 223

   92 pat_b: LPAR RPAR .

    $default  reduce using rule 92 (pat_b)


state 224

   93 pat_b: LPAR pat . RPAR
   94      | LPAR pat . COMMA pat_comma_plus RPAR

    RPAR   shift, and go to state 242
    COMMA  shift, and go to state 243


state 225

   52 atomic_goal: KW_LET pat EQUALS . rml_expression

    LBRACK  shift, and go to state 101
    LPAR    shift, and go to state 102
    MINUS   shift, and go to state 103
    IDENT   shift, and go to state 6
    CCON    shift, and go to state 104
    ICON    shift, and go to state 105
    RCON    shift, and go to state 106
    SCON    shift, and go to state 107

    rml_expression  go to state 244
    rml_exp_a       go to state 109
    rml_exp_c       go to state 110
    rml_addsub      go to state 111
    rml_muldiv      go to state 112
    rml_unary       go to state 113
    rml_primary     go to state 114
    rml_literal     go to state 115
    longid          go to state 74
    longorshortid   go to state 116
    ident           go to state 76
    rml_ident       go to state 77


state 226

   90 pat_a: pat_b COLONCOLON . pat_a

    LBRACK      shift, and go to state 177
    LPAR        shift, and go to state 189
    UNDERSCORE  shift, and go to state 179
    IDENT       shift, and go to state 6
    CCON        shift, and go to state 104
    ICON        shift, and go to state 105
    RCON        shift, and go to state 106
    SCON        shift, and go to state 107

    pat_a          go to state 245
    pat_b          go to state 192
    pat_d          go to state 193
    pat_e          go to state 182
    rml_literal    go to state 185
    longid         go to state 186
    longorshortid  go to state 187
    ident          go to state 76
    rml_ident      go to state 188


state 227

   88 pat: rml_ident KW_AS . pat

    LBRACK      shift, and go to state 177
    LPAR        shift, and go to state 189
    UNDERSCORE  shift, and go to state 179
    IDENT       shift, and go to state 6
    CCON        shift, and go to state 104
    ICON        shift, and go to state 105
    RCON        shift, and go to state 106
    SCON        shift, and go to state 107

    pat            go to state 246
    pat_a          go to state 191
    pat_b          go to state 192
    pat_d          go to state 193
    pat_e          go to state 182
    rml_literal    go to state 185
    longid         go to state 186
    longorshortid  go to state 187
    ident          go to state 76
    rml_ident      go to state 194


state 228

   54 atomic_goal: LPAR conjunctive_goal RPAR .

    $default  reduce using rule 54 (atomic_goal)


state 229

   41 clause: KW_RULE conjunctive_goal_opt DASHES rml_ident . seq_pat result

    LBRACK      shift, and go to state 177
    LPAR        shift, and go to state 178
    UNDERSCORE  shift, and go to state 179
    IDENT       shift, and go to state 6
    CCON        shift, and go to state 104
    ICON        shift, and go to state 105
    RCON        shift, and go to state 106
    SCON        shift, and go to state 107

    $default  reduce using rule 108 (seq_pat)

    pat_c          go to state 180
    pat_d          go to state 181
    pat_e          go to state 182
    seq_pat        go to state 247
    pat_star       go to state 184
    rml_literal    go to state 185
    longid         go to state 186
    longorshortid  go to state 187
    ident          go to state 76
    rml_ident      go to state 188


state 230

   48 conjunctive_goal: atomic_goal AMPERSAND conjunctive_goal .

    $default  reduce using rule 48 (conjunctive_goal)


state 231

   78 rml_primary: LPAR rml_expression . RPAR
   82 rml_exp_comma_plus: rml_expression . COMMA rml_exp_comma_plus
   83                   | rml_expression .

    RPAR   shift, and go to state 210
    COMMA  shift, and go to state 164

    RPAR  [reduce using rule 83 (rml_exp_comma_plus)]


state 232

   63 rml_exp_b: rml_exp_c COLONCOLON . rml_exp_b

    LBRACK  shift, and go to state 101
    LPAR    shift, and go to state 137
    MINUS   shift, and go to state 103
    IDENT   shift, and go to state 6
    CCON    shift, and go to state 104
    ICON    shift, and go to state 105
    RCON    shift, and go to state 106
    SCON    shift, and go to state 107

    rml_exp_b      go to state 248
    rml_exp_c      go to state 201
    rml_addsub     go to state 111
    rml_muldiv     go to state 112
    rml_unary      go to state 113
    rml_primary    go to state 114
    rml_literal    go to state 115
    longid         go to state 74
    longorshortid  go to state 116
    ident          go to state 76
    rml_ident      go to state 77


state 233

  107 res_pat: YIELDS . seq_pat

    LBRACK      shift, and go to state 177
    LPAR        shift, and go to state 178
    UNDERSCORE  shift, and go to state 179
    IDENT       shift, and go to state 6
    CCON        shift, and go to state 104
    ICON        shift, and go to state 105
    RCON        shift, and go to state 106
    SCON        shift, and go to state 107

    $default  reduce using rule 108 (seq_pat)

    pat_c          go to state 180
    pat_d          go to state 181
    pat_e          go to state 182
    seq_pat        go to state 249
    pat_star       go to state 184
    rml_literal    go to state 185
    longid         go to state 186
    longorshortid  go to state 187
    ident          go to state 76
    rml_ident      go to state 188


state 234

   50 atomic_goal: longorshortid seq_exp res_pat .

    $default  reduce using rule 50 (atomic_goal)


state 235

   51 atomic_goal: rml_ident EQUALS rml_expression .

    $default  reduce using rule 51 (atomic_goal)


state 236

  114 pat_comma_plus: pat COMMA . pat_comma_plus

    LBRACK      shift, and go to state 177
    LPAR        shift, and go to state 189
    UNDERSCORE  shift, and go to state 179
    IDENT       shift, and go to state 6
    CCON        shift, and go to state 104
    ICON        shift, and go to state 105
    RCON        shift, and go to state 106
    SCON        shift, and go to state 107

    pat             go to state 212
    pat_a           go to state 191
    pat_b           go to state 192
    pat_d           go to state 193
    pat_e           go to state 182
    pat_comma_plus  go to state 250
    rml_literal     go to state 185
    longid          go to state 186
    longorshortid   go to state 187
    ident           go to state 76
    rml_ident       go to state 194


state 237

  105 pat_e: LBRACK pat_comma_star RBRACK .

    $default  reduce using rule 105 (pat_e)


state 238

  111 pat_star: LPAR pat_comma_star RPAR .

    $default  reduce using rule 111 (pat_star)


state 239

   96 pat_c: pat_d COLONCOLON pat_c .

    $default  reduce using rule 96 (pat_c)


state 240

   45 result: YIELDS KW_FAIL .

    $default  reduce using rule 45 (result)


state 241

   44 result: YIELDS seq_exp .

    $default  reduce using rule 44 (result)


state 242

   93 pat_b: LPAR pat RPAR .

    $default  reduce using rule 93 (pat_b)


state 243

   94 pat_b: LPAR pat COMMA . pat_comma_plus RPAR

    LBRACK      shift, and go to state 177
    LPAR        shift, and go to state 189
    UNDERSCORE  shift, and go to state 179
    IDENT       shift, and go to state 6
    CCON        shift, and go to state 104
    ICON        shift, and go to state 105
    RCON        shift, and go to state 106
    SCON        shift, and go to state 107

    pat             go to state 212
    pat_a           go to state 191
    pat_b           go to state 192
    pat_d           go to state 193
    pat_e           go to state 182
    pat_comma_plus  go to state 251
    rml_literal     go to state 185
    longid          go to state 186
    longorshortid   go to state 187
    ident           go to state 76
    rml_ident       go to state 194


state 244

   52 atomic_goal: KW_LET pat EQUALS rml_expression .

    $default  reduce using rule 52 (atomic_goal)


state 245

   90 pat_a: pat_b COLONCOLON pat_a .

    $default  reduce using rule 90 (pat_a)


state 246

   88 pat: rml_ident KW_AS pat .

    $default  reduce using rule 88 (pat)


state 247

   41 clause: KW_RULE conjunctive_goal_opt DASHES rml_ident seq_pat . result

    YIELDS  shift, and go to state 217

    $default  reduce using rule 43 (result)

    result  go to state 252


state 248

   63 rml_exp_b: rml_exp_c COLONCOLON rml_exp_b .

    $default  reduce using rule 63 (rml_exp_b)


state 249

  107 res_pat: YIELDS seq_pat .

    $default  reduce using rule 107 (res_pat)


state 250

  114 pat_comma_plus: pat COMMA pat_comma_plus .

    $default  reduce using rule 114 (pat_comma_plus)


state 251

   94 pat_b: LPAR pat COMMA pat_comma_plus . RPAR

    RPAR  shift, and go to state 253


state 252

   41 clause: KW_RULE conjunctive_goal_opt DASHES rml_ident seq_pat result .

    $default  reduce using rule 41 (clause)


state 253

   94 pat_b: LPAR pat COMMA pat_comma_plus RPAR .

    $default  reduce using rule 94 (pat_b)
